# This file contains information about inputs as read by the program

 Population size = 16
 Number of generations = 100
 Number of objective functions = 3
 Number of constraints = 0
 Number of real variables = 0
 Number of binary variables = 44
 Number of bits for binary variable 1 = 1
 Lower limit of binary variable 1 = 0.000000e+00
 Upper limit of binary variable 1 = 1.000000e+00
 Number of bits for binary variable 2 = 1
 Lower limit of binary variable 2 = 0.000000e+00
 Upper limit of binary variable 2 = 1.000000e+00
 Number of bits for binary variable 3 = 1
 Lower limit of binary variable 3 = 0.000000e+00
 Upper limit of binary variable 3 = 1.000000e+00
 Number of bits for binary variable 4 = 1
 Lower limit of binary variable 4 = 0.000000e+00
 Upper limit of binary variable 4 = 1.000000e+00
 Number of bits for binary variable 5 = 1
 Lower limit of binary variable 5 = 0.000000e+00
 Upper limit of binary variable 5 = 1.000000e+00
 Number of bits for binary variable 6 = 1
 Lower limit of binary variable 6 = 0.000000e+00
 Upper limit of binary variable 6 = 1.000000e+00
 Number of bits for binary variable 7 = 1
 Lower limit of binary variable 7 = 0.000000e+00
 Upper limit of binary variable 7 = 1.000000e+00
 Number of bits for binary variable 8 = 1
 Lower limit of binary variable 8 = 0.000000e+00
 Upper limit of binary variable 8 = 1.000000e+00
 Number of bits for binary variable 9 = 1
 Lower limit of binary variable 9 = 0.000000e+00
 Upper limit of binary variable 9 = 1.000000e+00
 Number of bits for binary variable 10 = 1
 Lower limit of binary variable 10 = 0.000000e+00
 Upper limit of binary variable 10 = 1.000000e+00
 Number of bits for binary variable 11 = 1
 Lower limit of binary variable 11 = 0.000000e+00
 Upper limit of binary variable 11 = 1.000000e+00
 Number of bits for binary variable 12 = 1
 Lower limit of binary variable 12 = 0.000000e+00
 Upper limit of binary variable 12 = 1.000000e+00
 Number of bits for binary variable 13 = 1
 Lower limit of binary variable 13 = 0.000000e+00
 Upper limit of binary variable 13 = 1.000000e+00
 Number of bits for binary variable 14 = 1
 Lower limit of binary variable 14 = 0.000000e+00
 Upper limit of binary variable 14 = 1.000000e+00
 Number of bits for binary variable 15 = 1
 Lower limit of binary variable 15 = 0.000000e+00
 Upper limit of binary variable 15 = 1.000000e+00
 Number of bits for binary variable 16 = 1
 Lower limit of binary variable 16 = 0.000000e+00
 Upper limit of binary variable 16 = 1.000000e+00
 Number of bits for binary variable 17 = 1
 Lower limit of binary variable 17 = 0.000000e+00
 Upper limit of binary variable 17 = 1.000000e+00
 Number of bits for binary variable 18 = 1
 Lower limit of binary variable 18 = 0.000000e+00
 Upper limit of binary variable 18 = 1.000000e+00
 Number of bits for binary variable 19 = 1
 Lower limit of binary variable 19 = 0.000000e+00
 Upper limit of binary variable 19 = 1.000000e+00
 Number of bits for binary variable 20 = 1
 Lower limit of binary variable 20 = 0.000000e+00
 Upper limit of binary variable 20 = 1.000000e+00
 Number of bits for binary variable 21 = 1
 Lower limit of binary variable 21 = 0.000000e+00
 Upper limit of binary variable 21 = 1.000000e+00
 Number of bits for binary variable 22 = 1
 Lower limit of binary variable 22 = 0.000000e+00
 Upper limit of binary variable 22 = 1.000000e+00
 Number of bits for binary variable 23 = 1
 Lower limit of binary variable 23 = 0.000000e+00
 Upper limit of binary variable 23 = 1.000000e+00
 Number of bits for binary variable 24 = 1
 Lower limit of binary variable 24 = 0.000000e+00
 Upper limit of binary variable 24 = 1.000000e+00
 Number of bits for binary variable 25 = 1
 Lower limit of binary variable 25 = 0.000000e+00
 Upper limit of binary variable 25 = 1.000000e+00
 Number of bits for binary variable 26 = 1
 Lower limit of binary variable 26 = 0.000000e+00
 Upper limit of binary variable 26 = 1.000000e+00
 Number of bits for binary variable 27 = 1
 Lower limit of binary variable 27 = 0.000000e+00
 Upper limit of binary variable 27 = 1.000000e+00
 Number of bits for binary variable 28 = 1
 Lower limit of binary variable 28 = 0.000000e+00
 Upper limit of binary variable 28 = 1.000000e+00
 Number of bits for binary variable 29 = 1
 Lower limit of binary variable 29 = 0.000000e+00
 Upper limit of binary variable 29 = 1.000000e+00
 Number of bits for binary variable 30 = 1
 Lower limit of binary variable 30 = 0.000000e+00
 Upper limit of binary variable 30 = 1.000000e+00
 Number of bits for binary variable 31 = 1
 Lower limit of binary variable 31 = 0.000000e+00
 Upper limit of binary variable 31 = 1.000000e+00
 Number of bits for binary variable 32 = 1
 Lower limit of binary variable 32 = 0.000000e+00
 Upper limit of binary variable 32 = 1.000000e+00
 Number of bits for binary variable 33 = 1
 Lower limit of binary variable 33 = 0.000000e+00
 Upper limit of binary variable 33 = 1.000000e+00
 Number of bits for binary variable 34 = 1
 Lower limit of binary variable 34 = 0.000000e+00
 Upper limit of binary variable 34 = 1.000000e+00
 Number of bits for binary variable 35 = 1
 Lower limit of binary variable 35 = 0.000000e+00
 Upper limit of binary variable 35 = 1.000000e+00
 Number of bits for binary variable 36 = 1
 Lower limit of binary variable 36 = 0.000000e+00
 Upper limit of binary variable 36 = 1.000000e+00
 Number of bits for binary variable 37 = 1
 Lower limit of binary variable 37 = 0.000000e+00
 Upper limit of binary variable 37 = 1.000000e+00
 Number of bits for binary variable 38 = 1
 Lower limit of binary variable 38 = 0.000000e+00
 Upper limit of binary variable 38 = 1.000000e+00
 Number of bits for binary variable 39 = 1
 Lower limit of binary variable 39 = 0.000000e+00
 Upper limit of binary variable 39 = 1.000000e+00
 Number of bits for binary variable 40 = 1
 Lower limit of binary variable 40 = 0.000000e+00
 Upper limit of binary variable 40 = 1.000000e+00
 Number of bits for binary variable 41 = 1
 Lower limit of binary variable 41 = 0.000000e+00
 Upper limit of binary variable 41 = 1.000000e+00
 Number of bits for binary variable 42 = 1
 Lower limit of binary variable 42 = 0.000000e+00
 Upper limit of binary variable 42 = 1.000000e+00
 Number of bits for binary variable 43 = 1
 Lower limit of binary variable 43 = 0.000000e+00
 Upper limit of binary variable 43 = 1.000000e+00
 Number of bits for binary variable 44 = 1
 Lower limit of binary variable 44 = 0.000000e+00
 Upper limit of binary variable 44 = 1.000000e+00
 Probability of crossover of binary variable = 7.000000e-01
 Probability of mutation of binary variable = 3.000000e-01
 Seed for random number generator = 0.000000e+00
 Number of crossover of binary variable = 24311
 Number of mutation of binary variable = 20894