# This file contains information about inputs as read by the program

 Population size = 16
 Number of generations = 20
 Number of objective functions = 2
 Number of constraints = 0
 Number of real variables = 0
 Number of binary variables = 292
 Number of bits for binary variable 1 = 1
 Lower limit of binary variable 1 = 0.000000e+00
 Upper limit of binary variable 1 = 1.000000e+00
 Number of bits for binary variable 2 = 1
 Lower limit of binary variable 2 = 0.000000e+00
 Upper limit of binary variable 2 = 1.000000e+00
 Number of bits for binary variable 3 = 1
 Lower limit of binary variable 3 = 0.000000e+00
 Upper limit of binary variable 3 = 1.000000e+00
 Number of bits for binary variable 4 = 1
 Lower limit of binary variable 4 = 0.000000e+00
 Upper limit of binary variable 4 = 1.000000e+00
 Number of bits for binary variable 5 = 1
 Lower limit of binary variable 5 = 0.000000e+00
 Upper limit of binary variable 5 = 1.000000e+00
 Number of bits for binary variable 6 = 1
 Lower limit of binary variable 6 = 0.000000e+00
 Upper limit of binary variable 6 = 1.000000e+00
 Number of bits for binary variable 7 = 1
 Lower limit of binary variable 7 = 0.000000e+00
 Upper limit of binary variable 7 = 1.000000e+00
 Number of bits for binary variable 8 = 1
 Lower limit of binary variable 8 = 0.000000e+00
 Upper limit of binary variable 8 = 1.000000e+00
 Number of bits for binary variable 9 = 1
 Lower limit of binary variable 9 = 0.000000e+00
 Upper limit of binary variable 9 = 1.000000e+00
 Number of bits for binary variable 10 = 1
 Lower limit of binary variable 10 = 0.000000e+00
 Upper limit of binary variable 10 = 1.000000e+00
 Number of bits for binary variable 11 = 1
 Lower limit of binary variable 11 = 0.000000e+00
 Upper limit of binary variable 11 = 1.000000e+00
 Number of bits for binary variable 12 = 1
 Lower limit of binary variable 12 = 0.000000e+00
 Upper limit of binary variable 12 = 1.000000e+00
 Number of bits for binary variable 13 = 1
 Lower limit of binary variable 13 = 0.000000e+00
 Upper limit of binary variable 13 = 1.000000e+00
 Number of bits for binary variable 14 = 1
 Lower limit of binary variable 14 = 0.000000e+00
 Upper limit of binary variable 14 = 1.000000e+00
 Number of bits for binary variable 15 = 1
 Lower limit of binary variable 15 = 0.000000e+00
 Upper limit of binary variable 15 = 1.000000e+00
 Number of bits for binary variable 16 = 1
 Lower limit of binary variable 16 = 0.000000e+00
 Upper limit of binary variable 16 = 1.000000e+00
 Number of bits for binary variable 17 = 1
 Lower limit of binary variable 17 = 0.000000e+00
 Upper limit of binary variable 17 = 1.000000e+00
 Number of bits for binary variable 18 = 1
 Lower limit of binary variable 18 = 0.000000e+00
 Upper limit of binary variable 18 = 1.000000e+00
 Number of bits for binary variable 19 = 1
 Lower limit of binary variable 19 = 0.000000e+00
 Upper limit of binary variable 19 = 1.000000e+00
 Number of bits for binary variable 20 = 1
 Lower limit of binary variable 20 = 0.000000e+00
 Upper limit of binary variable 20 = 1.000000e+00
 Number of bits for binary variable 21 = 1
 Lower limit of binary variable 21 = 0.000000e+00
 Upper limit of binary variable 21 = 1.000000e+00
 Number of bits for binary variable 22 = 1
 Lower limit of binary variable 22 = 0.000000e+00
 Upper limit of binary variable 22 = 1.000000e+00
 Number of bits for binary variable 23 = 1
 Lower limit of binary variable 23 = 0.000000e+00
 Upper limit of binary variable 23 = 1.000000e+00
 Number of bits for binary variable 24 = 1
 Lower limit of binary variable 24 = 0.000000e+00
 Upper limit of binary variable 24 = 1.000000e+00
 Number of bits for binary variable 25 = 1
 Lower limit of binary variable 25 = 0.000000e+00
 Upper limit of binary variable 25 = 1.000000e+00
 Number of bits for binary variable 26 = 1
 Lower limit of binary variable 26 = 0.000000e+00
 Upper limit of binary variable 26 = 1.000000e+00
 Number of bits for binary variable 27 = 1
 Lower limit of binary variable 27 = 0.000000e+00
 Upper limit of binary variable 27 = 1.000000e+00
 Number of bits for binary variable 28 = 1
 Lower limit of binary variable 28 = 0.000000e+00
 Upper limit of binary variable 28 = 1.000000e+00
 Number of bits for binary variable 29 = 1
 Lower limit of binary variable 29 = 0.000000e+00
 Upper limit of binary variable 29 = 1.000000e+00
 Number of bits for binary variable 30 = 1
 Lower limit of binary variable 30 = 0.000000e+00
 Upper limit of binary variable 30 = 1.000000e+00
 Number of bits for binary variable 31 = 1
 Lower limit of binary variable 31 = 0.000000e+00
 Upper limit of binary variable 31 = 1.000000e+00
 Number of bits for binary variable 32 = 1
 Lower limit of binary variable 32 = 0.000000e+00
 Upper limit of binary variable 32 = 1.000000e+00
 Number of bits for binary variable 33 = 1
 Lower limit of binary variable 33 = 0.000000e+00
 Upper limit of binary variable 33 = 1.000000e+00
 Number of bits for binary variable 34 = 1
 Lower limit of binary variable 34 = 0.000000e+00
 Upper limit of binary variable 34 = 1.000000e+00
 Number of bits for binary variable 35 = 1
 Lower limit of binary variable 35 = 0.000000e+00
 Upper limit of binary variable 35 = 1.000000e+00
 Number of bits for binary variable 36 = 1
 Lower limit of binary variable 36 = 0.000000e+00
 Upper limit of binary variable 36 = 1.000000e+00
 Number of bits for binary variable 37 = 1
 Lower limit of binary variable 37 = 0.000000e+00
 Upper limit of binary variable 37 = 1.000000e+00
 Number of bits for binary variable 38 = 1
 Lower limit of binary variable 38 = 0.000000e+00
 Upper limit of binary variable 38 = 1.000000e+00
 Number of bits for binary variable 39 = 1
 Lower limit of binary variable 39 = 0.000000e+00
 Upper limit of binary variable 39 = 1.000000e+00
 Number of bits for binary variable 40 = 1
 Lower limit of binary variable 40 = 0.000000e+00
 Upper limit of binary variable 40 = 1.000000e+00
 Number of bits for binary variable 41 = 1
 Lower limit of binary variable 41 = 0.000000e+00
 Upper limit of binary variable 41 = 1.000000e+00
 Number of bits for binary variable 42 = 1
 Lower limit of binary variable 42 = 0.000000e+00
 Upper limit of binary variable 42 = 1.000000e+00
 Number of bits for binary variable 43 = 1
 Lower limit of binary variable 43 = 0.000000e+00
 Upper limit of binary variable 43 = 1.000000e+00
 Number of bits for binary variable 44 = 1
 Lower limit of binary variable 44 = 0.000000e+00
 Upper limit of binary variable 44 = 1.000000e+00
 Number of bits for binary variable 45 = 1
 Lower limit of binary variable 45 = 0.000000e+00
 Upper limit of binary variable 45 = 1.000000e+00
 Number of bits for binary variable 46 = 1
 Lower limit of binary variable 46 = 0.000000e+00
 Upper limit of binary variable 46 = 1.000000e+00
 Number of bits for binary variable 47 = 1
 Lower limit of binary variable 47 = 0.000000e+00
 Upper limit of binary variable 47 = 1.000000e+00
 Number of bits for binary variable 48 = 1
 Lower limit of binary variable 48 = 0.000000e+00
 Upper limit of binary variable 48 = 1.000000e+00
 Number of bits for binary variable 49 = 1
 Lower limit of binary variable 49 = 0.000000e+00
 Upper limit of binary variable 49 = 1.000000e+00
 Number of bits for binary variable 50 = 1
 Lower limit of binary variable 50 = 0.000000e+00
 Upper limit of binary variable 50 = 1.000000e+00
 Number of bits for binary variable 51 = 1
 Lower limit of binary variable 51 = 0.000000e+00
 Upper limit of binary variable 51 = 1.000000e+00
 Number of bits for binary variable 52 = 1
 Lower limit of binary variable 52 = 0.000000e+00
 Upper limit of binary variable 52 = 1.000000e+00
 Number of bits for binary variable 53 = 1
 Lower limit of binary variable 53 = 0.000000e+00
 Upper limit of binary variable 53 = 1.000000e+00
 Number of bits for binary variable 54 = 1
 Lower limit of binary variable 54 = 0.000000e+00
 Upper limit of binary variable 54 = 1.000000e+00
 Number of bits for binary variable 55 = 1
 Lower limit of binary variable 55 = 0.000000e+00
 Upper limit of binary variable 55 = 1.000000e+00
 Number of bits for binary variable 56 = 1
 Lower limit of binary variable 56 = 0.000000e+00
 Upper limit of binary variable 56 = 1.000000e+00
 Number of bits for binary variable 57 = 1
 Lower limit of binary variable 57 = 0.000000e+00
 Upper limit of binary variable 57 = 1.000000e+00
 Number of bits for binary variable 58 = 1
 Lower limit of binary variable 58 = 0.000000e+00
 Upper limit of binary variable 58 = 1.000000e+00
 Number of bits for binary variable 59 = 1
 Lower limit of binary variable 59 = 0.000000e+00
 Upper limit of binary variable 59 = 1.000000e+00
 Number of bits for binary variable 60 = 1
 Lower limit of binary variable 60 = 0.000000e+00
 Upper limit of binary variable 60 = 1.000000e+00
 Number of bits for binary variable 61 = 1
 Lower limit of binary variable 61 = 0.000000e+00
 Upper limit of binary variable 61 = 1.000000e+00
 Number of bits for binary variable 62 = 1
 Lower limit of binary variable 62 = 0.000000e+00
 Upper limit of binary variable 62 = 1.000000e+00
 Number of bits for binary variable 63 = 1
 Lower limit of binary variable 63 = 0.000000e+00
 Upper limit of binary variable 63 = 1.000000e+00
 Number of bits for binary variable 64 = 1
 Lower limit of binary variable 64 = 0.000000e+00
 Upper limit of binary variable 64 = 1.000000e+00
 Number of bits for binary variable 65 = 1
 Lower limit of binary variable 65 = 0.000000e+00
 Upper limit of binary variable 65 = 1.000000e+00
 Number of bits for binary variable 66 = 1
 Lower limit of binary variable 66 = 0.000000e+00
 Upper limit of binary variable 66 = 1.000000e+00
 Number of bits for binary variable 67 = 1
 Lower limit of binary variable 67 = 0.000000e+00
 Upper limit of binary variable 67 = 1.000000e+00
 Number of bits for binary variable 68 = 1
 Lower limit of binary variable 68 = 0.000000e+00
 Upper limit of binary variable 68 = 1.000000e+00
 Number of bits for binary variable 69 = 1
 Lower limit of binary variable 69 = 0.000000e+00
 Upper limit of binary variable 69 = 1.000000e+00
 Number of bits for binary variable 70 = 1
 Lower limit of binary variable 70 = 0.000000e+00
 Upper limit of binary variable 70 = 1.000000e+00
 Number of bits for binary variable 71 = 1
 Lower limit of binary variable 71 = 0.000000e+00
 Upper limit of binary variable 71 = 1.000000e+00
 Number of bits for binary variable 72 = 1
 Lower limit of binary variable 72 = 0.000000e+00
 Upper limit of binary variable 72 = 1.000000e+00
 Number of bits for binary variable 73 = 1
 Lower limit of binary variable 73 = 0.000000e+00
 Upper limit of binary variable 73 = 1.000000e+00
 Number of bits for binary variable 74 = 1
 Lower limit of binary variable 74 = 0.000000e+00
 Upper limit of binary variable 74 = 1.000000e+00
 Number of bits for binary variable 75 = 1
 Lower limit of binary variable 75 = 0.000000e+00
 Upper limit of binary variable 75 = 1.000000e+00
 Number of bits for binary variable 76 = 1
 Lower limit of binary variable 76 = 0.000000e+00
 Upper limit of binary variable 76 = 1.000000e+00
 Number of bits for binary variable 77 = 1
 Lower limit of binary variable 77 = 0.000000e+00
 Upper limit of binary variable 77 = 1.000000e+00
 Number of bits for binary variable 78 = 1
 Lower limit of binary variable 78 = 0.000000e+00
 Upper limit of binary variable 78 = 1.000000e+00
 Number of bits for binary variable 79 = 1
 Lower limit of binary variable 79 = 0.000000e+00
 Upper limit of binary variable 79 = 1.000000e+00
 Number of bits for binary variable 80 = 1
 Lower limit of binary variable 80 = 0.000000e+00
 Upper limit of binary variable 80 = 1.000000e+00
 Number of bits for binary variable 81 = 1
 Lower limit of binary variable 81 = 0.000000e+00
 Upper limit of binary variable 81 = 1.000000e+00
 Number of bits for binary variable 82 = 1
 Lower limit of binary variable 82 = 0.000000e+00
 Upper limit of binary variable 82 = 1.000000e+00
 Number of bits for binary variable 83 = 1
 Lower limit of binary variable 83 = 0.000000e+00
 Upper limit of binary variable 83 = 1.000000e+00
 Number of bits for binary variable 84 = 1
 Lower limit of binary variable 84 = 0.000000e+00
 Upper limit of binary variable 84 = 1.000000e+00
 Number of bits for binary variable 85 = 1
 Lower limit of binary variable 85 = 0.000000e+00
 Upper limit of binary variable 85 = 1.000000e+00
 Number of bits for binary variable 86 = 1
 Lower limit of binary variable 86 = 0.000000e+00
 Upper limit of binary variable 86 = 1.000000e+00
 Number of bits for binary variable 87 = 1
 Lower limit of binary variable 87 = 0.000000e+00
 Upper limit of binary variable 87 = 1.000000e+00
 Number of bits for binary variable 88 = 1
 Lower limit of binary variable 88 = 0.000000e+00
 Upper limit of binary variable 88 = 1.000000e+00
 Number of bits for binary variable 89 = 1
 Lower limit of binary variable 89 = 0.000000e+00
 Upper limit of binary variable 89 = 1.000000e+00
 Number of bits for binary variable 90 = 1
 Lower limit of binary variable 90 = 0.000000e+00
 Upper limit of binary variable 90 = 1.000000e+00
 Number of bits for binary variable 91 = 1
 Lower limit of binary variable 91 = 0.000000e+00
 Upper limit of binary variable 91 = 1.000000e+00
 Number of bits for binary variable 92 = 1
 Lower limit of binary variable 92 = 0.000000e+00
 Upper limit of binary variable 92 = 1.000000e+00
 Number of bits for binary variable 93 = 1
 Lower limit of binary variable 93 = 0.000000e+00
 Upper limit of binary variable 93 = 1.000000e+00
 Number of bits for binary variable 94 = 1
 Lower limit of binary variable 94 = 0.000000e+00
 Upper limit of binary variable 94 = 1.000000e+00
 Number of bits for binary variable 95 = 1
 Lower limit of binary variable 95 = 0.000000e+00
 Upper limit of binary variable 95 = 1.000000e+00
 Number of bits for binary variable 96 = 1
 Lower limit of binary variable 96 = 0.000000e+00
 Upper limit of binary variable 96 = 1.000000e+00
 Number of bits for binary variable 97 = 1
 Lower limit of binary variable 97 = 0.000000e+00
 Upper limit of binary variable 97 = 1.000000e+00
 Number of bits for binary variable 98 = 1
 Lower limit of binary variable 98 = 0.000000e+00
 Upper limit of binary variable 98 = 1.000000e+00
 Number of bits for binary variable 99 = 1
 Lower limit of binary variable 99 = 0.000000e+00
 Upper limit of binary variable 99 = 1.000000e+00
 Number of bits for binary variable 100 = 1
 Lower limit of binary variable 100 = 0.000000e+00
 Upper limit of binary variable 100 = 1.000000e+00
 Number of bits for binary variable 101 = 1
 Lower limit of binary variable 101 = 0.000000e+00
 Upper limit of binary variable 101 = 1.000000e+00
 Number of bits for binary variable 102 = 1
 Lower limit of binary variable 102 = 0.000000e+00
 Upper limit of binary variable 102 = 1.000000e+00
 Number of bits for binary variable 103 = 1
 Lower limit of binary variable 103 = 0.000000e+00
 Upper limit of binary variable 103 = 1.000000e+00
 Number of bits for binary variable 104 = 1
 Lower limit of binary variable 104 = 0.000000e+00
 Upper limit of binary variable 104 = 1.000000e+00
 Number of bits for binary variable 105 = 1
 Lower limit of binary variable 105 = 0.000000e+00
 Upper limit of binary variable 105 = 1.000000e+00
 Number of bits for binary variable 106 = 1
 Lower limit of binary variable 106 = 0.000000e+00
 Upper limit of binary variable 106 = 1.000000e+00
 Number of bits for binary variable 107 = 1
 Lower limit of binary variable 107 = 0.000000e+00
 Upper limit of binary variable 107 = 1.000000e+00
 Number of bits for binary variable 108 = 1
 Lower limit of binary variable 108 = 0.000000e+00
 Upper limit of binary variable 108 = 1.000000e+00
 Number of bits for binary variable 109 = 1
 Lower limit of binary variable 109 = 0.000000e+00
 Upper limit of binary variable 109 = 1.000000e+00
 Number of bits for binary variable 110 = 1
 Lower limit of binary variable 110 = 0.000000e+00
 Upper limit of binary variable 110 = 1.000000e+00
 Number of bits for binary variable 111 = 1
 Lower limit of binary variable 111 = 0.000000e+00
 Upper limit of binary variable 111 = 1.000000e+00
 Number of bits for binary variable 112 = 1
 Lower limit of binary variable 112 = 0.000000e+00
 Upper limit of binary variable 112 = 1.000000e+00
 Number of bits for binary variable 113 = 1
 Lower limit of binary variable 113 = 0.000000e+00
 Upper limit of binary variable 113 = 1.000000e+00
 Number of bits for binary variable 114 = 1
 Lower limit of binary variable 114 = 0.000000e+00
 Upper limit of binary variable 114 = 1.000000e+00
 Number of bits for binary variable 115 = 1
 Lower limit of binary variable 115 = 0.000000e+00
 Upper limit of binary variable 115 = 1.000000e+00
 Number of bits for binary variable 116 = 1
 Lower limit of binary variable 116 = 0.000000e+00
 Upper limit of binary variable 116 = 1.000000e+00
 Number of bits for binary variable 117 = 1
 Lower limit of binary variable 117 = 0.000000e+00
 Upper limit of binary variable 117 = 1.000000e+00
 Number of bits for binary variable 118 = 1
 Lower limit of binary variable 118 = 0.000000e+00
 Upper limit of binary variable 118 = 1.000000e+00
 Number of bits for binary variable 119 = 1
 Lower limit of binary variable 119 = 0.000000e+00
 Upper limit of binary variable 119 = 1.000000e+00
 Number of bits for binary variable 120 = 1
 Lower limit of binary variable 120 = 0.000000e+00
 Upper limit of binary variable 120 = 1.000000e+00
 Number of bits for binary variable 121 = 1
 Lower limit of binary variable 121 = 0.000000e+00
 Upper limit of binary variable 121 = 1.000000e+00
 Number of bits for binary variable 122 = 1
 Lower limit of binary variable 122 = 0.000000e+00
 Upper limit of binary variable 122 = 1.000000e+00
 Number of bits for binary variable 123 = 1
 Lower limit of binary variable 123 = 0.000000e+00
 Upper limit of binary variable 123 = 1.000000e+00
 Number of bits for binary variable 124 = 1
 Lower limit of binary variable 124 = 0.000000e+00
 Upper limit of binary variable 124 = 1.000000e+00
 Number of bits for binary variable 125 = 1
 Lower limit of binary variable 125 = 0.000000e+00
 Upper limit of binary variable 125 = 1.000000e+00
 Number of bits for binary variable 126 = 1
 Lower limit of binary variable 126 = 0.000000e+00
 Upper limit of binary variable 126 = 1.000000e+00
 Number of bits for binary variable 127 = 1
 Lower limit of binary variable 127 = 0.000000e+00
 Upper limit of binary variable 127 = 1.000000e+00
 Number of bits for binary variable 128 = 1
 Lower limit of binary variable 128 = 0.000000e+00
 Upper limit of binary variable 128 = 1.000000e+00
 Number of bits for binary variable 129 = 1
 Lower limit of binary variable 129 = 0.000000e+00
 Upper limit of binary variable 129 = 1.000000e+00
 Number of bits for binary variable 130 = 1
 Lower limit of binary variable 130 = 0.000000e+00
 Upper limit of binary variable 130 = 1.000000e+00
 Number of bits for binary variable 131 = 1
 Lower limit of binary variable 131 = 0.000000e+00
 Upper limit of binary variable 131 = 1.000000e+00
 Number of bits for binary variable 132 = 1
 Lower limit of binary variable 132 = 0.000000e+00
 Upper limit of binary variable 132 = 1.000000e+00
 Number of bits for binary variable 133 = 1
 Lower limit of binary variable 133 = 0.000000e+00
 Upper limit of binary variable 133 = 1.000000e+00
 Number of bits for binary variable 134 = 1
 Lower limit of binary variable 134 = 0.000000e+00
 Upper limit of binary variable 134 = 1.000000e+00
 Number of bits for binary variable 135 = 1
 Lower limit of binary variable 135 = 0.000000e+00
 Upper limit of binary variable 135 = 1.000000e+00
 Number of bits for binary variable 136 = 1
 Lower limit of binary variable 136 = 0.000000e+00
 Upper limit of binary variable 136 = 1.000000e+00
 Number of bits for binary variable 137 = 1
 Lower limit of binary variable 137 = 0.000000e+00
 Upper limit of binary variable 137 = 1.000000e+00
 Number of bits for binary variable 138 = 1
 Lower limit of binary variable 138 = 0.000000e+00
 Upper limit of binary variable 138 = 1.000000e+00
 Number of bits for binary variable 139 = 1
 Lower limit of binary variable 139 = 0.000000e+00
 Upper limit of binary variable 139 = 1.000000e+00
 Number of bits for binary variable 140 = 1
 Lower limit of binary variable 140 = 0.000000e+00
 Upper limit of binary variable 140 = 1.000000e+00
 Number of bits for binary variable 141 = 1
 Lower limit of binary variable 141 = 0.000000e+00
 Upper limit of binary variable 141 = 1.000000e+00
 Number of bits for binary variable 142 = 1
 Lower limit of binary variable 142 = 0.000000e+00
 Upper limit of binary variable 142 = 1.000000e+00
 Number of bits for binary variable 143 = 1
 Lower limit of binary variable 143 = 0.000000e+00
 Upper limit of binary variable 143 = 1.000000e+00
 Number of bits for binary variable 144 = 1
 Lower limit of binary variable 144 = 0.000000e+00
 Upper limit of binary variable 144 = 1.000000e+00
 Number of bits for binary variable 145 = 1
 Lower limit of binary variable 145 = 0.000000e+00
 Upper limit of binary variable 145 = 1.000000e+00
 Number of bits for binary variable 146 = 1
 Lower limit of binary variable 146 = 0.000000e+00
 Upper limit of binary variable 146 = 1.000000e+00
 Number of bits for binary variable 147 = 1
 Lower limit of binary variable 147 = 0.000000e+00
 Upper limit of binary variable 147 = 1.000000e+00
 Number of bits for binary variable 148 = 1
 Lower limit of binary variable 148 = 0.000000e+00
 Upper limit of binary variable 148 = 1.000000e+00
 Number of bits for binary variable 149 = 1
 Lower limit of binary variable 149 = 0.000000e+00
 Upper limit of binary variable 149 = 1.000000e+00
 Number of bits for binary variable 150 = 1
 Lower limit of binary variable 150 = 0.000000e+00
 Upper limit of binary variable 150 = 1.000000e+00
 Number of bits for binary variable 151 = 1
 Lower limit of binary variable 151 = 0.000000e+00
 Upper limit of binary variable 151 = 1.000000e+00
 Number of bits for binary variable 152 = 1
 Lower limit of binary variable 152 = 0.000000e+00
 Upper limit of binary variable 152 = 1.000000e+00
 Number of bits for binary variable 153 = 1
 Lower limit of binary variable 153 = 0.000000e+00
 Upper limit of binary variable 153 = 1.000000e+00
 Number of bits for binary variable 154 = 1
 Lower limit of binary variable 154 = 0.000000e+00
 Upper limit of binary variable 154 = 1.000000e+00
 Number of bits for binary variable 155 = 1
 Lower limit of binary variable 155 = 0.000000e+00
 Upper limit of binary variable 155 = 1.000000e+00
 Number of bits for binary variable 156 = 1
 Lower limit of binary variable 156 = 0.000000e+00
 Upper limit of binary variable 156 = 1.000000e+00
 Number of bits for binary variable 157 = 1
 Lower limit of binary variable 157 = 0.000000e+00
 Upper limit of binary variable 157 = 1.000000e+00
 Number of bits for binary variable 158 = 1
 Lower limit of binary variable 158 = 0.000000e+00
 Upper limit of binary variable 158 = 1.000000e+00
 Number of bits for binary variable 159 = 1
 Lower limit of binary variable 159 = 0.000000e+00
 Upper limit of binary variable 159 = 1.000000e+00
 Number of bits for binary variable 160 = 1
 Lower limit of binary variable 160 = 0.000000e+00
 Upper limit of binary variable 160 = 1.000000e+00
 Number of bits for binary variable 161 = 1
 Lower limit of binary variable 161 = 0.000000e+00
 Upper limit of binary variable 161 = 1.000000e+00
 Number of bits for binary variable 162 = 1
 Lower limit of binary variable 162 = 0.000000e+00
 Upper limit of binary variable 162 = 1.000000e+00
 Number of bits for binary variable 163 = 1
 Lower limit of binary variable 163 = 0.000000e+00
 Upper limit of binary variable 163 = 1.000000e+00
 Number of bits for binary variable 164 = 1
 Lower limit of binary variable 164 = 0.000000e+00
 Upper limit of binary variable 164 = 1.000000e+00
 Number of bits for binary variable 165 = 1
 Lower limit of binary variable 165 = 0.000000e+00
 Upper limit of binary variable 165 = 1.000000e+00
 Number of bits for binary variable 166 = 1
 Lower limit of binary variable 166 = 0.000000e+00
 Upper limit of binary variable 166 = 1.000000e+00
 Number of bits for binary variable 167 = 1
 Lower limit of binary variable 167 = 0.000000e+00
 Upper limit of binary variable 167 = 1.000000e+00
 Number of bits for binary variable 168 = 1
 Lower limit of binary variable 168 = 0.000000e+00
 Upper limit of binary variable 168 = 1.000000e+00
 Number of bits for binary variable 169 = 1
 Lower limit of binary variable 169 = 0.000000e+00
 Upper limit of binary variable 169 = 1.000000e+00
 Number of bits for binary variable 170 = 1
 Lower limit of binary variable 170 = 0.000000e+00
 Upper limit of binary variable 170 = 1.000000e+00
 Number of bits for binary variable 171 = 1
 Lower limit of binary variable 171 = 0.000000e+00
 Upper limit of binary variable 171 = 1.000000e+00
 Number of bits for binary variable 172 = 1
 Lower limit of binary variable 172 = 0.000000e+00
 Upper limit of binary variable 172 = 1.000000e+00
 Number of bits for binary variable 173 = 1
 Lower limit of binary variable 173 = 0.000000e+00
 Upper limit of binary variable 173 = 1.000000e+00
 Number of bits for binary variable 174 = 1
 Lower limit of binary variable 174 = 0.000000e+00
 Upper limit of binary variable 174 = 1.000000e+00
 Number of bits for binary variable 175 = 1
 Lower limit of binary variable 175 = 0.000000e+00
 Upper limit of binary variable 175 = 1.000000e+00
 Number of bits for binary variable 176 = 1
 Lower limit of binary variable 176 = 0.000000e+00
 Upper limit of binary variable 176 = 1.000000e+00
 Number of bits for binary variable 177 = 1
 Lower limit of binary variable 177 = 0.000000e+00
 Upper limit of binary variable 177 = 1.000000e+00
 Number of bits for binary variable 178 = 1
 Lower limit of binary variable 178 = 0.000000e+00
 Upper limit of binary variable 178 = 1.000000e+00
 Number of bits for binary variable 179 = 1
 Lower limit of binary variable 179 = 0.000000e+00
 Upper limit of binary variable 179 = 1.000000e+00
 Number of bits for binary variable 180 = 1
 Lower limit of binary variable 180 = 0.000000e+00
 Upper limit of binary variable 180 = 1.000000e+00
 Number of bits for binary variable 181 = 1
 Lower limit of binary variable 181 = 0.000000e+00
 Upper limit of binary variable 181 = 1.000000e+00
 Number of bits for binary variable 182 = 1
 Lower limit of binary variable 182 = 0.000000e+00
 Upper limit of binary variable 182 = 1.000000e+00
 Number of bits for binary variable 183 = 1
 Lower limit of binary variable 183 = 0.000000e+00
 Upper limit of binary variable 183 = 1.000000e+00
 Number of bits for binary variable 184 = 1
 Lower limit of binary variable 184 = 0.000000e+00
 Upper limit of binary variable 184 = 1.000000e+00
 Number of bits for binary variable 185 = 1
 Lower limit of binary variable 185 = 0.000000e+00
 Upper limit of binary variable 185 = 1.000000e+00
 Number of bits for binary variable 186 = 1
 Lower limit of binary variable 186 = 0.000000e+00
 Upper limit of binary variable 186 = 1.000000e+00
 Number of bits for binary variable 187 = 1
 Lower limit of binary variable 187 = 0.000000e+00
 Upper limit of binary variable 187 = 1.000000e+00
 Number of bits for binary variable 188 = 1
 Lower limit of binary variable 188 = 0.000000e+00
 Upper limit of binary variable 188 = 1.000000e+00
 Number of bits for binary variable 189 = 1
 Lower limit of binary variable 189 = 0.000000e+00
 Upper limit of binary variable 189 = 1.000000e+00
 Number of bits for binary variable 190 = 1
 Lower limit of binary variable 190 = 0.000000e+00
 Upper limit of binary variable 190 = 1.000000e+00
 Number of bits for binary variable 191 = 1
 Lower limit of binary variable 191 = 0.000000e+00
 Upper limit of binary variable 191 = 1.000000e+00
 Number of bits for binary variable 192 = 1
 Lower limit of binary variable 192 = 0.000000e+00
 Upper limit of binary variable 192 = 1.000000e+00
 Number of bits for binary variable 193 = 1
 Lower limit of binary variable 193 = 0.000000e+00
 Upper limit of binary variable 193 = 1.000000e+00
 Number of bits for binary variable 194 = 1
 Lower limit of binary variable 194 = 0.000000e+00
 Upper limit of binary variable 194 = 1.000000e+00
 Number of bits for binary variable 195 = 1
 Lower limit of binary variable 195 = 0.000000e+00
 Upper limit of binary variable 195 = 1.000000e+00
 Number of bits for binary variable 196 = 1
 Lower limit of binary variable 196 = 0.000000e+00
 Upper limit of binary variable 196 = 1.000000e+00
 Number of bits for binary variable 197 = 1
 Lower limit of binary variable 197 = 0.000000e+00
 Upper limit of binary variable 197 = 1.000000e+00
 Number of bits for binary variable 198 = 1
 Lower limit of binary variable 198 = 0.000000e+00
 Upper limit of binary variable 198 = 1.000000e+00
 Number of bits for binary variable 199 = 1
 Lower limit of binary variable 199 = 0.000000e+00
 Upper limit of binary variable 199 = 1.000000e+00
 Number of bits for binary variable 200 = 1
 Lower limit of binary variable 200 = 0.000000e+00
 Upper limit of binary variable 200 = 1.000000e+00
 Number of bits for binary variable 201 = 1
 Lower limit of binary variable 201 = 0.000000e+00
 Upper limit of binary variable 201 = 1.000000e+00
 Number of bits for binary variable 202 = 1
 Lower limit of binary variable 202 = 0.000000e+00
 Upper limit of binary variable 202 = 1.000000e+00
 Number of bits for binary variable 203 = 1
 Lower limit of binary variable 203 = 0.000000e+00
 Upper limit of binary variable 203 = 1.000000e+00
 Number of bits for binary variable 204 = 1
 Lower limit of binary variable 204 = 0.000000e+00
 Upper limit of binary variable 204 = 1.000000e+00
 Number of bits for binary variable 205 = 1
 Lower limit of binary variable 205 = 0.000000e+00
 Upper limit of binary variable 205 = 1.000000e+00
 Number of bits for binary variable 206 = 1
 Lower limit of binary variable 206 = 0.000000e+00
 Upper limit of binary variable 206 = 1.000000e+00
 Number of bits for binary variable 207 = 1
 Lower limit of binary variable 207 = 0.000000e+00
 Upper limit of binary variable 207 = 1.000000e+00
 Number of bits for binary variable 208 = 1
 Lower limit of binary variable 208 = 0.000000e+00
 Upper limit of binary variable 208 = 1.000000e+00
 Number of bits for binary variable 209 = 1
 Lower limit of binary variable 209 = 0.000000e+00
 Upper limit of binary variable 209 = 1.000000e+00
 Number of bits for binary variable 210 = 1
 Lower limit of binary variable 210 = 0.000000e+00
 Upper limit of binary variable 210 = 1.000000e+00
 Number of bits for binary variable 211 = 1
 Lower limit of binary variable 211 = 0.000000e+00
 Upper limit of binary variable 211 = 1.000000e+00
 Number of bits for binary variable 212 = 1
 Lower limit of binary variable 212 = 0.000000e+00
 Upper limit of binary variable 212 = 1.000000e+00
 Number of bits for binary variable 213 = 1
 Lower limit of binary variable 213 = 0.000000e+00
 Upper limit of binary variable 213 = 1.000000e+00
 Number of bits for binary variable 214 = 1
 Lower limit of binary variable 214 = 0.000000e+00
 Upper limit of binary variable 214 = 1.000000e+00
 Number of bits for binary variable 215 = 1
 Lower limit of binary variable 215 = 0.000000e+00
 Upper limit of binary variable 215 = 1.000000e+00
 Number of bits for binary variable 216 = 1
 Lower limit of binary variable 216 = 0.000000e+00
 Upper limit of binary variable 216 = 1.000000e+00
 Number of bits for binary variable 217 = 1
 Lower limit of binary variable 217 = 0.000000e+00
 Upper limit of binary variable 217 = 1.000000e+00
 Number of bits for binary variable 218 = 1
 Lower limit of binary variable 218 = 0.000000e+00
 Upper limit of binary variable 218 = 1.000000e+00
 Number of bits for binary variable 219 = 1
 Lower limit of binary variable 219 = 0.000000e+00
 Upper limit of binary variable 219 = 1.000000e+00
 Number of bits for binary variable 220 = 1
 Lower limit of binary variable 220 = 0.000000e+00
 Upper limit of binary variable 220 = 1.000000e+00
 Number of bits for binary variable 221 = 1
 Lower limit of binary variable 221 = 0.000000e+00
 Upper limit of binary variable 221 = 1.000000e+00
 Number of bits for binary variable 222 = 1
 Lower limit of binary variable 222 = 0.000000e+00
 Upper limit of binary variable 222 = 1.000000e+00
 Number of bits for binary variable 223 = 1
 Lower limit of binary variable 223 = 0.000000e+00
 Upper limit of binary variable 223 = 1.000000e+00
 Number of bits for binary variable 224 = 1
 Lower limit of binary variable 224 = 0.000000e+00
 Upper limit of binary variable 224 = 1.000000e+00
 Number of bits for binary variable 225 = 1
 Lower limit of binary variable 225 = 0.000000e+00
 Upper limit of binary variable 225 = 1.000000e+00
 Number of bits for binary variable 226 = 1
 Lower limit of binary variable 226 = 0.000000e+00
 Upper limit of binary variable 226 = 1.000000e+00
 Number of bits for binary variable 227 = 1
 Lower limit of binary variable 227 = 0.000000e+00
 Upper limit of binary variable 227 = 1.000000e+00
 Number of bits for binary variable 228 = 1
 Lower limit of binary variable 228 = 0.000000e+00
 Upper limit of binary variable 228 = 1.000000e+00
 Number of bits for binary variable 229 = 1
 Lower limit of binary variable 229 = 0.000000e+00
 Upper limit of binary variable 229 = 1.000000e+00
 Number of bits for binary variable 230 = 1
 Lower limit of binary variable 230 = 0.000000e+00
 Upper limit of binary variable 230 = 1.000000e+00
 Number of bits for binary variable 231 = 1
 Lower limit of binary variable 231 = 0.000000e+00
 Upper limit of binary variable 231 = 1.000000e+00
 Number of bits for binary variable 232 = 1
 Lower limit of binary variable 232 = 0.000000e+00
 Upper limit of binary variable 232 = 1.000000e+00
 Number of bits for binary variable 233 = 1
 Lower limit of binary variable 233 = 0.000000e+00
 Upper limit of binary variable 233 = 1.000000e+00
 Number of bits for binary variable 234 = 1
 Lower limit of binary variable 234 = 0.000000e+00
 Upper limit of binary variable 234 = 1.000000e+00
 Number of bits for binary variable 235 = 1
 Lower limit of binary variable 235 = 0.000000e+00
 Upper limit of binary variable 235 = 1.000000e+00
 Number of bits for binary variable 236 = 1
 Lower limit of binary variable 236 = 0.000000e+00
 Upper limit of binary variable 236 = 1.000000e+00
 Number of bits for binary variable 237 = 1
 Lower limit of binary variable 237 = 0.000000e+00
 Upper limit of binary variable 237 = 1.000000e+00
 Number of bits for binary variable 238 = 1
 Lower limit of binary variable 238 = 0.000000e+00
 Upper limit of binary variable 238 = 1.000000e+00
 Number of bits for binary variable 239 = 1
 Lower limit of binary variable 239 = 0.000000e+00
 Upper limit of binary variable 239 = 1.000000e+00
 Number of bits for binary variable 240 = 1
 Lower limit of binary variable 240 = 0.000000e+00
 Upper limit of binary variable 240 = 1.000000e+00
 Number of bits for binary variable 241 = 1
 Lower limit of binary variable 241 = 0.000000e+00
 Upper limit of binary variable 241 = 1.000000e+00
 Number of bits for binary variable 242 = 1
 Lower limit of binary variable 242 = 0.000000e+00
 Upper limit of binary variable 242 = 1.000000e+00
 Number of bits for binary variable 243 = 1
 Lower limit of binary variable 243 = 0.000000e+00
 Upper limit of binary variable 243 = 1.000000e+00
 Number of bits for binary variable 244 = 1
 Lower limit of binary variable 244 = 0.000000e+00
 Upper limit of binary variable 244 = 1.000000e+00
 Number of bits for binary variable 245 = 1
 Lower limit of binary variable 245 = 0.000000e+00
 Upper limit of binary variable 245 = 1.000000e+00
 Number of bits for binary variable 246 = 1
 Lower limit of binary variable 246 = 0.000000e+00
 Upper limit of binary variable 246 = 1.000000e+00
 Number of bits for binary variable 247 = 1
 Lower limit of binary variable 247 = 0.000000e+00
 Upper limit of binary variable 247 = 1.000000e+00
 Number of bits for binary variable 248 = 1
 Lower limit of binary variable 248 = 0.000000e+00
 Upper limit of binary variable 248 = 1.000000e+00
 Number of bits for binary variable 249 = 1
 Lower limit of binary variable 249 = 0.000000e+00
 Upper limit of binary variable 249 = 1.000000e+00
 Number of bits for binary variable 250 = 1
 Lower limit of binary variable 250 = 0.000000e+00
 Upper limit of binary variable 250 = 1.000000e+00
 Number of bits for binary variable 251 = 1
 Lower limit of binary variable 251 = 0.000000e+00
 Upper limit of binary variable 251 = 1.000000e+00
 Number of bits for binary variable 252 = 1
 Lower limit of binary variable 252 = 0.000000e+00
 Upper limit of binary variable 252 = 1.000000e+00
 Number of bits for binary variable 253 = 1
 Lower limit of binary variable 253 = 0.000000e+00
 Upper limit of binary variable 253 = 1.000000e+00
 Number of bits for binary variable 254 = 1
 Lower limit of binary variable 254 = 0.000000e+00
 Upper limit of binary variable 254 = 1.000000e+00
 Number of bits for binary variable 255 = 1
 Lower limit of binary variable 255 = 0.000000e+00
 Upper limit of binary variable 255 = 1.000000e+00
 Number of bits for binary variable 256 = 1
 Lower limit of binary variable 256 = 0.000000e+00
 Upper limit of binary variable 256 = 1.000000e+00
 Number of bits for binary variable 257 = 1
 Lower limit of binary variable 257 = 0.000000e+00
 Upper limit of binary variable 257 = 1.000000e+00
 Number of bits for binary variable 258 = 1
 Lower limit of binary variable 258 = 0.000000e+00
 Upper limit of binary variable 258 = 1.000000e+00
 Number of bits for binary variable 259 = 1
 Lower limit of binary variable 259 = 0.000000e+00
 Upper limit of binary variable 259 = 1.000000e+00
 Number of bits for binary variable 260 = 1
 Lower limit of binary variable 260 = 0.000000e+00
 Upper limit of binary variable 260 = 1.000000e+00
 Number of bits for binary variable 261 = 1
 Lower limit of binary variable 261 = 0.000000e+00
 Upper limit of binary variable 261 = 1.000000e+00
 Number of bits for binary variable 262 = 1
 Lower limit of binary variable 262 = 0.000000e+00
 Upper limit of binary variable 262 = 1.000000e+00
 Number of bits for binary variable 263 = 1
 Lower limit of binary variable 263 = 0.000000e+00
 Upper limit of binary variable 263 = 1.000000e+00
 Number of bits for binary variable 264 = 1
 Lower limit of binary variable 264 = 0.000000e+00
 Upper limit of binary variable 264 = 1.000000e+00
 Number of bits for binary variable 265 = 1
 Lower limit of binary variable 265 = 0.000000e+00
 Upper limit of binary variable 265 = 1.000000e+00
 Number of bits for binary variable 266 = 1
 Lower limit of binary variable 266 = 0.000000e+00
 Upper limit of binary variable 266 = 1.000000e+00
 Number of bits for binary variable 267 = 1
 Lower limit of binary variable 267 = 0.000000e+00
 Upper limit of binary variable 267 = 1.000000e+00
 Number of bits for binary variable 268 = 1
 Lower limit of binary variable 268 = 0.000000e+00
 Upper limit of binary variable 268 = 1.000000e+00
 Number of bits for binary variable 269 = 1
 Lower limit of binary variable 269 = 0.000000e+00
 Upper limit of binary variable 269 = 1.000000e+00
 Number of bits for binary variable 270 = 1
 Lower limit of binary variable 270 = 0.000000e+00
 Upper limit of binary variable 270 = 1.000000e+00
 Number of bits for binary variable 271 = 1
 Lower limit of binary variable 271 = 0.000000e+00
 Upper limit of binary variable 271 = 1.000000e+00
 Number of bits for binary variable 272 = 1
 Lower limit of binary variable 272 = 0.000000e+00
 Upper limit of binary variable 272 = 1.000000e+00
 Number of bits for binary variable 273 = 1
 Lower limit of binary variable 273 = 0.000000e+00
 Upper limit of binary variable 273 = 1.000000e+00
 Number of bits for binary variable 274 = 1
 Lower limit of binary variable 274 = 0.000000e+00
 Upper limit of binary variable 274 = 1.000000e+00
 Number of bits for binary variable 275 = 1
 Lower limit of binary variable 275 = 0.000000e+00
 Upper limit of binary variable 275 = 1.000000e+00
 Number of bits for binary variable 276 = 1
 Lower limit of binary variable 276 = 0.000000e+00
 Upper limit of binary variable 276 = 1.000000e+00
 Number of bits for binary variable 277 = 1
 Lower limit of binary variable 277 = 0.000000e+00
 Upper limit of binary variable 277 = 1.000000e+00
 Number of bits for binary variable 278 = 1
 Lower limit of binary variable 278 = 0.000000e+00
 Upper limit of binary variable 278 = 1.000000e+00
 Number of bits for binary variable 279 = 1
 Lower limit of binary variable 279 = 0.000000e+00
 Upper limit of binary variable 279 = 1.000000e+00
 Number of bits for binary variable 280 = 1
 Lower limit of binary variable 280 = 0.000000e+00
 Upper limit of binary variable 280 = 1.000000e+00
 Number of bits for binary variable 281 = 1
 Lower limit of binary variable 281 = 0.000000e+00
 Upper limit of binary variable 281 = 1.000000e+00
 Number of bits for binary variable 282 = 1
 Lower limit of binary variable 282 = 0.000000e+00
 Upper limit of binary variable 282 = 1.000000e+00
 Number of bits for binary variable 283 = 1
 Lower limit of binary variable 283 = 0.000000e+00
 Upper limit of binary variable 283 = 1.000000e+00
 Number of bits for binary variable 284 = 1
 Lower limit of binary variable 284 = 0.000000e+00
 Upper limit of binary variable 284 = 1.000000e+00
 Number of bits for binary variable 285 = 1
 Lower limit of binary variable 285 = 0.000000e+00
 Upper limit of binary variable 285 = 1.000000e+00
 Number of bits for binary variable 286 = 1
 Lower limit of binary variable 286 = 0.000000e+00
 Upper limit of binary variable 286 = 1.000000e+00
 Number of bits for binary variable 287 = 1
 Lower limit of binary variable 287 = 0.000000e+00
 Upper limit of binary variable 287 = 1.000000e+00
 Number of bits for binary variable 288 = 1
 Lower limit of binary variable 288 = 0.000000e+00
 Upper limit of binary variable 288 = 1.000000e+00
 Number of bits for binary variable 289 = 1
 Lower limit of binary variable 289 = 0.000000e+00
 Upper limit of binary variable 289 = 1.000000e+00
 Number of bits for binary variable 290 = 1
 Lower limit of binary variable 290 = 0.000000e+00
 Upper limit of binary variable 290 = 1.000000e+00
 Number of bits for binary variable 291 = 1
 Lower limit of binary variable 291 = 0.000000e+00
 Upper limit of binary variable 291 = 1.000000e+00
 Number of bits for binary variable 292 = 1
 Lower limit of binary variable 292 = 0.000000e+00
 Upper limit of binary variable 292 = 1.000000e+00
 Probability of crossover of binary variable = 7.000000e-01
 Probability of mutation of binary variable = 3.000000e-01
 Seed for random number generator = 0.000000e+00
 Number of crossover of binary variable = 31127
 Number of mutation of binary variable = 26749