# This file contains information about inputs as read by the program

 Population size = 16
 Number of generations = 20
 Number of objective functions = 3
 Number of constraints = 0
 Number of real variables = 0
 Number of binary variables = 20
 Number of bits for binary variable 1 = 1
 Lower limit of binary variable 1 = 0.000000e+00
 Upper limit of binary variable 1 = 1.000000e+00
 Number of bits for binary variable 2 = 1
 Lower limit of binary variable 2 = 0.000000e+00
 Upper limit of binary variable 2 = 1.000000e+00
 Number of bits for binary variable 3 = 1
 Lower limit of binary variable 3 = 0.000000e+00
 Upper limit of binary variable 3 = 1.000000e+00
 Number of bits for binary variable 4 = 1
 Lower limit of binary variable 4 = 0.000000e+00
 Upper limit of binary variable 4 = 1.000000e+00
 Number of bits for binary variable 5 = 1
 Lower limit of binary variable 5 = 0.000000e+00
 Upper limit of binary variable 5 = 1.000000e+00
 Number of bits for binary variable 6 = 1
 Lower limit of binary variable 6 = 0.000000e+00
 Upper limit of binary variable 6 = 1.000000e+00
 Number of bits for binary variable 7 = 1
 Lower limit of binary variable 7 = 0.000000e+00
 Upper limit of binary variable 7 = 1.000000e+00
 Number of bits for binary variable 8 = 1
 Lower limit of binary variable 8 = 0.000000e+00
 Upper limit of binary variable 8 = 1.000000e+00
 Number of bits for binary variable 9 = 1
 Lower limit of binary variable 9 = 0.000000e+00
 Upper limit of binary variable 9 = 1.000000e+00
 Number of bits for binary variable 10 = 1
 Lower limit of binary variable 10 = 0.000000e+00
 Upper limit of binary variable 10 = 1.000000e+00
 Number of bits for binary variable 11 = 1
 Lower limit of binary variable 11 = 0.000000e+00
 Upper limit of binary variable 11 = 1.000000e+00
 Number of bits for binary variable 12 = 1
 Lower limit of binary variable 12 = 0.000000e+00
 Upper limit of binary variable 12 = 1.000000e+00
 Number of bits for binary variable 13 = 1
 Lower limit of binary variable 13 = 0.000000e+00
 Upper limit of binary variable 13 = 1.000000e+00
 Number of bits for binary variable 14 = 1
 Lower limit of binary variable 14 = 0.000000e+00
 Upper limit of binary variable 14 = 1.000000e+00
 Number of bits for binary variable 15 = 1
 Lower limit of binary variable 15 = 0.000000e+00
 Upper limit of binary variable 15 = 1.000000e+00
 Number of bits for binary variable 16 = 1
 Lower limit of binary variable 16 = 0.000000e+00
 Upper limit of binary variable 16 = 1.000000e+00
 Number of bits for binary variable 17 = 1
 Lower limit of binary variable 17 = 0.000000e+00
 Upper limit of binary variable 17 = 1.000000e+00
 Number of bits for binary variable 18 = 1
 Lower limit of binary variable 18 = 0.000000e+00
 Upper limit of binary variable 18 = 1.000000e+00
 Number of bits for binary variable 19 = 1
 Lower limit of binary variable 19 = 0.000000e+00
 Upper limit of binary variable 19 = 1.000000e+00
 Number of bits for binary variable 20 = 1
 Lower limit of binary variable 20 = 0.000000e+00
 Upper limit of binary variable 20 = 1.000000e+00
 Probability of crossover of binary variable = 7.000000e-01
 Probability of mutation of binary variable = 3.000000e-01
 Seed for random number generator = 0.000000e+00
 Number of crossover of binary variable = 2117
 Number of mutation of binary variable = 1814